<?xml version="1.0" encoding="UTF-8"?>
<!-- Generated by org.testng.reporters.JUnitXMLReporter -->
<testsuite ignored="1" hostname="DESKTOP-FQP51SE" failures="2" tests="14" name="ChromeTest" time="35.711" errors="0" timestamp="2023-11-04T21:02:04 EDT">
  <testcase classname="selenium.testng.PageTest" name="checkAlertBoxButton" time="0.185"/>
  <testcase classname="selenium.testng.PageTest" name="checkBoldText" time="0.054"/>
  <testcase classname="selenium.testng.PageTest" name="checkDoubleClickButton" time="0.226"/>
  <testcase classname="selenium.testng.PageTest" name="checkFemaleRadioButton" time="0.291"/>
  <testcase classname="selenium.testng.PageTest" name="checkHoverSubmitButton" time="0.058"/>
  <testcase classname="selenium.testng.PageTest" name="checkPerformanceCheckBox" time="0.269"/>
  <testcase classname="selenium.testng.PageTest" name="setupTextBox" time="0.217"/>
  <testcase classname="selenium.testng.PageTest" name="checkAutomationCheckBox" time="0.318"/>
  <testcase classname="selenium.testng.PageTest" name="checkConfirmBoxButton" time="0.358"/>
  <testcase classname="selenium.testng.PageTest" name="checkDropDown" time="0.808"/>
  <testcase classname="selenium.testng.PageTest" name="checkLinkAddress" time="0.049"/>
  <testcase classname="selenium.testng.PageTest" name="checkMaleRadioButton" time="1.163">
    <failure type="org.openqa.selenium.ElementClickInterceptedException" message="element click intercepted: Element &amp;lt;input id=&amp;quot;male&amp;quot; type=&amp;quot;radio&amp;quot; name=&amp;quot;gender&amp;quot; value=&amp;quot;male&amp;quot;&amp;gt; is not clickable at point (34, 6). Other element would receive the click: &amp;lt;img class=&amp;quot;header-image is-logo-image&amp;quot; alt=&amp;quot;ArtOfTesting&amp;quot; src=&amp;quot;https://artoftesting.com/wp-content/uploads/2019/12/cropped-artoftesting-logo.png&amp;quot; title=&amp;quot;ArtOfTesting&amp;quot; width=&amp;quot;200&amp;quot; height=&amp;quot;40&amp;quot;&amp;gt;
  (Session info: headless chrome=119.0.6045.105)
Build info: version: &amp;apos;4.14.1&amp;apos;, revision: &amp;apos;03f8ede370&amp;apos;
System info: os.name: &amp;apos;Windows 10&amp;apos;, os.arch: &amp;apos;amd64&amp;apos;, os.version: &amp;apos;10.0&amp;apos;, java.version: &amp;apos;17.0.8.1&amp;apos;
Driver info: org.openqa.selenium.chrome.ChromeDriver
Command: [edd71b4be8c0bcda95f90dc87fa48193, clickElement {id=DA17378A180F9E9C334B00DF459965AF_element_78}]
Capabilities {acceptInsecureCerts: false, browserName: chrome, browserVersion: 119.0.6045.105, chrome: {chromedriverVersion: 119.0.6045.105 (38c72552c5e..., userDataDir: C:\Users\tiger\AppData\Loca...}, fedcm:accounts: true, goog:chromeOptions: {debuggerAddress: localhost:62595}, networkConnectionEnabled: false, pageLoadStrategy: normal, platformName: windows, proxy: Proxy(), se:cdp: ws://localhost:62595/devtoo..., se:cdpVersion: 119.0.6045.105, setWindowRect: true, strictFileInteractability: false, timeouts: {implicit: 0, pageLoad: 300000, script: 30000}, unhandledPromptBehavior: dismiss and notify, webauthn:extension:credBlob: true, webauthn:extension:largeBlob: true, webauthn:extension:minPinLength: true, webauthn:extension:prf: true, webauthn:virtualAuthenticators: true}
Element: [[ChromeDriver: chrome on windows (edd71b4be8c0bcda95f90dc87fa48193)] -&amp;gt; css selector: *[name=&amp;apos;gender&amp;apos;]]
Session ID: edd71b4be8c0bcda95f90dc87fa48193">
      <![CDATA[org.openqa.selenium.ElementClickInterceptedException: element click intercepted: Element <input id="male" type="radio" name="gender" value="male"> is not clickable at point (34, 6). Other element would receive the click: <img class="header-image is-logo-image" alt="ArtOfTesting" src="https://artoftesting.com/wp-content/uploads/2019/12/cropped-artoftesting-logo.png" title="ArtOfTesting" width="200" height="40">
  (Session info: headless chrome=119.0.6045.105)
Build info: version: '4.14.1', revision: '03f8ede370'
System info: os.name: 'Windows 10', os.arch: 'amd64', os.version: '10.0', java.version: '17.0.8.1'
Driver info: org.openqa.selenium.chrome.ChromeDriver
Command: [edd71b4be8c0bcda95f90dc87fa48193, clickElement {id=DA17378A180F9E9C334B00DF459965AF_element_78}]
Capabilities {acceptInsecureCerts: false, browserName: chrome, browserVersion: 119.0.6045.105, chrome: {chromedriverVersion: 119.0.6045.105 (38c72552c5e..., userDataDir: C:\Users\tiger\AppData\Loca...}, fedcm:accounts: true, goog:chromeOptions: {debuggerAddress: localhost:62595}, networkConnectionEnabled: false, pageLoadStrategy: normal, platformName: windows, proxy: Proxy(), se:cdp: ws://localhost:62595/devtoo..., se:cdpVersion: 119.0.6045.105, setWindowRect: true, strictFileInteractability: false, timeouts: {implicit: 0, pageLoad: 300000, script: 30000}, unhandledPromptBehavior: dismiss and notify, webauthn:extension:credBlob: true, webauthn:extension:largeBlob: true, webauthn:extension:minPinLength: true, webauthn:extension:prf: true, webauthn:virtualAuthenticators: true}
Element: [[ChromeDriver: chrome on windows (edd71b4be8c0bcda95f90dc87fa48193)] -> css selector: *[name='gender']]
Session ID: edd71b4be8c0bcda95f90dc87fa48193
at org.openqa.selenium.remote.codec.w3c.W3CHttpResponseCodec.createException(W3CHttpResponseCodec.java:200)
at org.openqa.selenium.remote.codec.w3c.W3CHttpResponseCodec.decode(W3CHttpResponseCodec.java:133)
at org.openqa.selenium.remote.codec.w3c.W3CHttpResponseCodec.decode(W3CHttpResponseCodec.java:52)
at org.openqa.selenium.remote.HttpCommandExecutor.execute(HttpCommandExecutor.java:191)
at org.openqa.selenium.remote.service.DriverCommandExecutor.invokeExecute(DriverCommandExecutor.java:200)
at org.openqa.selenium.remote.service.DriverCommandExecutor.execute(DriverCommandExecutor.java:175)
at org.openqa.selenium.remote.RemoteWebDriver.execute(RemoteWebDriver.java:602)
at org.openqa.selenium.remote.RemoteWebElement.execute(RemoteWebElement.java:224)
at org.openqa.selenium.remote.RemoteWebElement.click(RemoteWebElement.java:77)
at selenium.testng.PageObject.toggleRadioButtons(PageObject.java:122)
at selenium.testng.PageTest.checkMaleRadioButton(PageTest.java:103)
at java.base/java.util.ArrayList.forEach(ArrayList.java:1511)
... Removed 32 stack frames]]>
    </failure>
  </testcase> <!-- checkMaleRadioButton -->
  <testcase classname="selenium.testng.PageTest" name="checkOnClickSubmitButton" time="1.262">
    <failure type="org.openqa.selenium.ElementClickInterceptedException" message="element click intercepted: Element &amp;lt;button id=&amp;quot;idOfButton&amp;quot; title=&amp;quot;Hovering over me!!&amp;quot; type=&amp;quot;button&amp;quot; onclick=&amp;quot;this.style.background=&amp;apos;blue&amp;apos;;&amp;quot;&amp;gt;...&amp;lt;/button&amp;gt; is not clickable at point (139, 22). Other element would receive the click: &amp;lt;img class=&amp;quot;header-image is-logo-image&amp;quot; alt=&amp;quot;ArtOfTesting&amp;quot; src=&amp;quot;https://artoftesting.com/wp-content/uploads/2019/12/cropped-artoftesting-logo.png&amp;quot; title=&amp;quot;ArtOfTesting&amp;quot; width=&amp;quot;200&amp;quot; height=&amp;quot;40&amp;quot;&amp;gt;
  (Session info: headless chrome=119.0.6045.105)
Build info: version: &amp;apos;4.14.1&amp;apos;, revision: &amp;apos;03f8ede370&amp;apos;
System info: os.name: &amp;apos;Windows 10&amp;apos;, os.arch: &amp;apos;amd64&amp;apos;, os.version: &amp;apos;10.0&amp;apos;, java.version: &amp;apos;17.0.8.1&amp;apos;
Driver info: org.openqa.selenium.chrome.ChromeDriver
Command: [edd71b4be8c0bcda95f90dc87fa48193, clickElement {id=DA17378A180F9E9C334B00DF459965AF_element_82}]
Capabilities {acceptInsecureCerts: false, browserName: chrome, browserVersion: 119.0.6045.105, chrome: {chromedriverVersion: 119.0.6045.105 (38c72552c5e..., userDataDir: C:\Users\tiger\AppData\Loca...}, fedcm:accounts: true, goog:chromeOptions: {debuggerAddress: localhost:62595}, networkConnectionEnabled: false, pageLoadStrategy: normal, platformName: windows, proxy: Proxy(), se:cdp: ws://localhost:62595/devtoo..., se:cdpVersion: 119.0.6045.105, setWindowRect: true, strictFileInteractability: false, timeouts: {implicit: 0, pageLoad: 300000, script: 30000}, unhandledPromptBehavior: dismiss and notify, webauthn:extension:credBlob: true, webauthn:extension:largeBlob: true, webauthn:extension:minPinLength: true, webauthn:extension:prf: true, webauthn:virtualAuthenticators: true}
Element: [[ChromeDriver: chrome on windows (edd71b4be8c0bcda95f90dc87fa48193)] -&amp;gt; id: idOfButton]
Session ID: edd71b4be8c0bcda95f90dc87fa48193">
      <![CDATA[org.openqa.selenium.ElementClickInterceptedException: element click intercepted: Element <button id="idOfButton" title="Hovering over me!!" type="button" onclick="this.style.background='blue';">...</button> is not clickable at point (139, 22). Other element would receive the click: <img class="header-image is-logo-image" alt="ArtOfTesting" src="https://artoftesting.com/wp-content/uploads/2019/12/cropped-artoftesting-logo.png" title="ArtOfTesting" width="200" height="40">
  (Session info: headless chrome=119.0.6045.105)
Build info: version: '4.14.1', revision: '03f8ede370'
System info: os.name: 'Windows 10', os.arch: 'amd64', os.version: '10.0', java.version: '17.0.8.1'
Driver info: org.openqa.selenium.chrome.ChromeDriver
Command: [edd71b4be8c0bcda95f90dc87fa48193, clickElement {id=DA17378A180F9E9C334B00DF459965AF_element_82}]
Capabilities {acceptInsecureCerts: false, browserName: chrome, browserVersion: 119.0.6045.105, chrome: {chromedriverVersion: 119.0.6045.105 (38c72552c5e..., userDataDir: C:\Users\tiger\AppData\Loca...}, fedcm:accounts: true, goog:chromeOptions: {debuggerAddress: localhost:62595}, networkConnectionEnabled: false, pageLoadStrategy: normal, platformName: windows, proxy: Proxy(), se:cdp: ws://localhost:62595/devtoo..., se:cdpVersion: 119.0.6045.105, setWindowRect: true, strictFileInteractability: false, timeouts: {implicit: 0, pageLoad: 300000, script: 30000}, unhandledPromptBehavior: dismiss and notify, webauthn:extension:credBlob: true, webauthn:extension:largeBlob: true, webauthn:extension:minPinLength: true, webauthn:extension:prf: true, webauthn:virtualAuthenticators: true}
Element: [[ChromeDriver: chrome on windows (edd71b4be8c0bcda95f90dc87fa48193)] -> id: idOfButton]
Session ID: edd71b4be8c0bcda95f90dc87fa48193
at org.openqa.selenium.remote.codec.w3c.W3CHttpResponseCodec.createException(W3CHttpResponseCodec.java:200)
at org.openqa.selenium.remote.codec.w3c.W3CHttpResponseCodec.decode(W3CHttpResponseCodec.java:133)
at org.openqa.selenium.remote.codec.w3c.W3CHttpResponseCodec.decode(W3CHttpResponseCodec.java:52)
at org.openqa.selenium.remote.HttpCommandExecutor.execute(HttpCommandExecutor.java:191)
at org.openqa.selenium.remote.service.DriverCommandExecutor.invokeExecute(DriverCommandExecutor.java:200)
at org.openqa.selenium.remote.service.DriverCommandExecutor.execute(DriverCommandExecutor.java:175)
at org.openqa.selenium.remote.RemoteWebDriver.execute(RemoteWebDriver.java:602)
at org.openqa.selenium.remote.RemoteWebElement.execute(RemoteWebElement.java:224)
at org.openqa.selenium.remote.RemoteWebElement.click(RemoteWebElement.java:77)
at org.openqa.selenium.support.pagefactory.internal.LocatingElementHandler.invoke(LocatingElementHandler.java:51)
at jdk.proxy2/jdk.proxy2.$Proxy14.click(Unknown Source)
at selenium.testng.PageObject.clickSubmitButton(PageObject.java:94)
at selenium.testng.PageTest.checkOnClickSubmitButton(PageTest.java:90)
at java.base/java.util.ArrayList.forEach(ArrayList.java:1511)
... Removed 36 stack frames]]>
    </failure>
  </testcase> <!-- checkOnClickSubmitButton -->
  <testcase classname="selenium.testng.PageTest" name="checkTextBox" time="0.044"/>
  <testcase classname="selenium.testng.PageTest" name="checkDragNDrop" time="0.0">
    <ignored/>
  </testcase> <!-- checkDragNDrop -->
</testsuite> <!-- ChromeTest -->
