<?xml version="1.0" encoding="UTF-8"?>
<testng-results ignored="1" total="15" passed="12" failed="2" skipped="0">
  <reporter-output>
  </reporter-output>
  <suite started-at="2023-11-04T21:01:28 EDT" name="Suite" finished-at="2023-11-04T21:02:04 EDT" duration-ms="35711">
    <groups>
    </groups>
    <test started-at="2023-11-04T21:01:28 EDT" name="ChromeTest" finished-at="2023-11-04T21:02:04 EDT" duration-ms="35711">
      <class name="selenium.testng.PageTest">
        <test-method is-config="true" signature="setup(java.lang.String)[pri:0, instance:selenium.testng.PageTest@52af26ee]" started-at="2023-11-04T21:01:28 EDT" name="setup" finished-at="2023-11-04T21:01:58 EDT" duration-ms="30173" status="PASS">
          <params>
            <param index="0">
              <value>
                <![CDATA[Chrome]]>
              </value>
            </param>
          </params>
          <reporter-output>
          </reporter-output>
        </test-method> <!-- setup -->
        <test-method signature="checkAlertBoxButton()[pri:0, instance:selenium.testng.PageTest@52af26ee]" started-at="2023-11-04T21:01:58 EDT" name="checkAlertBoxButton" finished-at="2023-11-04T21:01:58 EDT" duration-ms="185" status="PASS">
          <reporter-output>
          </reporter-output>
        </test-method> <!-- checkAlertBoxButton -->
        <test-method signature="checkBoldText()[pri:0, instance:selenium.testng.PageTest@52af26ee]" started-at="2023-11-04T21:01:58 EDT" name="checkBoldText" finished-at="2023-11-04T21:01:59 EDT" duration-ms="54" status="PASS">
          <reporter-output>
          </reporter-output>
        </test-method> <!-- checkBoldText -->
        <test-method signature="checkDoubleClickButton()[pri:0, instance:selenium.testng.PageTest@52af26ee]" started-at="2023-11-04T21:01:59 EDT" name="checkDoubleClickButton" finished-at="2023-11-04T21:01:59 EDT" duration-ms="226" status="PASS">
          <reporter-output>
          </reporter-output>
        </test-method> <!-- checkDoubleClickButton -->
        <test-method signature="checkFemaleRadioButton()[pri:0, instance:selenium.testng.PageTest@52af26ee]" started-at="2023-11-04T21:01:59 EDT" name="checkFemaleRadioButton" finished-at="2023-11-04T21:01:59 EDT" duration-ms="291" status="PASS">
          <reporter-output>
          </reporter-output>
        </test-method> <!-- checkFemaleRadioButton -->
        <test-method signature="checkHoverSubmitButton()[pri:0, instance:selenium.testng.PageTest@52af26ee]" started-at="2023-11-04T21:01:59 EDT" name="checkHoverSubmitButton" finished-at="2023-11-04T21:01:59 EDT" duration-ms="58" status="PASS">
          <reporter-output>
          </reporter-output>
        </test-method> <!-- checkHoverSubmitButton -->
        <test-method signature="checkPerformanceCheckBox()[pri:0, instance:selenium.testng.PageTest@52af26ee]" started-at="2023-11-04T21:01:59 EDT" name="checkPerformanceCheckBox" finished-at="2023-11-04T21:01:59 EDT" duration-ms="269" status="PASS">
          <reporter-output>
          </reporter-output>
        </test-method> <!-- checkPerformanceCheckBox -->
        <test-method signature="setupTextBox()[pri:0, instance:selenium.testng.PageTest@52af26ee]" started-at="2023-11-04T21:01:59 EDT" name="setupTextBox" finished-at="2023-11-04T21:02:00 EDT" duration-ms="217" status="PASS">
          <reporter-output>
          </reporter-output>
        </test-method> <!-- setupTextBox -->
        <test-method signature="checkAutomationCheckBox()[pri:0, instance:selenium.testng.PageTest@52af26ee]" started-at="2023-11-04T21:02:00 EDT" name="checkAutomationCheckBox" finished-at="2023-11-04T21:02:00 EDT" duration-ms="318" status="PASS">
          <reporter-output>
          </reporter-output>
        </test-method> <!-- checkAutomationCheckBox -->
        <test-method signature="checkConfirmBoxButton()[pri:0, instance:selenium.testng.PageTest@52af26ee]" started-at="2023-11-04T21:02:00 EDT" name="checkConfirmBoxButton" finished-at="2023-11-04T21:02:00 EDT" duration-ms="358" status="PASS">
          <reporter-output>
          </reporter-output>
        </test-method> <!-- checkConfirmBoxButton -->
        <test-method signature="checkDropDown()[pri:0, instance:selenium.testng.PageTest@52af26ee]" started-at="2023-11-04T21:02:00 EDT" name="checkDropDown" finished-at="2023-11-04T21:02:01 EDT" duration-ms="808" status="PASS">
          <reporter-output>
          </reporter-output>
        </test-method> <!-- checkDropDown -->
        <test-method signature="checkLinkAddress()[pri:0, instance:selenium.testng.PageTest@52af26ee]" started-at="2023-11-04T21:02:01 EDT" name="checkLinkAddress" finished-at="2023-11-04T21:02:01 EDT" duration-ms="49" status="PASS">
          <reporter-output>
          </reporter-output>
        </test-method> <!-- checkLinkAddress -->
        <test-method signature="checkMaleRadioButton()[pri:0, instance:selenium.testng.PageTest@52af26ee]" started-at="2023-11-04T21:02:01 EDT" name="checkMaleRadioButton" finished-at="2023-11-04T21:02:02 EDT" duration-ms="1163" status="FAIL">
          <exception class="org.openqa.selenium.ElementClickInterceptedException">
            <message>
              <![CDATA[element click intercepted: Element <input id="male" type="radio" name="gender" value="male"> is not clickable at point (34, 6). Other element would receive the click: <img class="header-image is-logo-image" alt="ArtOfTesting" src="https://artoftesting.com/wp-content/uploads/2019/12/cropped-artoftesting-logo.png" title="ArtOfTesting" width="200" height="40">
  (Session info: headless chrome=119.0.6045.105)
Build info: version: '4.14.1', revision: '03f8ede370'
System info: os.name: 'Windows 10', os.arch: 'amd64', os.version: '10.0', java.version: '17.0.8.1'
Driver info: org.openqa.selenium.chrome.ChromeDriver
Command: [edd71b4be8c0bcda95f90dc87fa48193, clickElement {id=DA17378A180F9E9C334B00DF459965AF_element_78}]
Capabilities {acceptInsecureCerts: false, browserName: chrome, browserVersion: 119.0.6045.105, chrome: {chromedriverVersion: 119.0.6045.105 (38c72552c5e..., userDataDir: C:\Users\tiger\AppData\Loca...}, fedcm:accounts: true, goog:chromeOptions: {debuggerAddress: localhost:62595}, networkConnectionEnabled: false, pageLoadStrategy: normal, platformName: windows, proxy: Proxy(), se:cdp: ws://localhost:62595/devtoo..., se:cdpVersion: 119.0.6045.105, setWindowRect: true, strictFileInteractability: false, timeouts: {implicit: 0, pageLoad: 300000, script: 30000}, unhandledPromptBehavior: dismiss and notify, webauthn:extension:credBlob: true, webauthn:extension:largeBlob: true, webauthn:extension:minPinLength: true, webauthn:extension:prf: true, webauthn:virtualAuthenticators: true}
Element: [[ChromeDriver: chrome on windows (edd71b4be8c0bcda95f90dc87fa48193)] -> css selector: *[name='gender']]
Session ID: edd71b4be8c0bcda95f90dc87fa48193]]>
            </message>
            <full-stacktrace>
              <![CDATA[org.openqa.selenium.ElementClickInterceptedException: element click intercepted: Element <input id="male" type="radio" name="gender" value="male"> is not clickable at point (34, 6). Other element would receive the click: <img class="header-image is-logo-image" alt="ArtOfTesting" src="https://artoftesting.com/wp-content/uploads/2019/12/cropped-artoftesting-logo.png" title="ArtOfTesting" width="200" height="40">
  (Session info: headless chrome=119.0.6045.105)
Build info: version: '4.14.1', revision: '03f8ede370'
System info: os.name: 'Windows 10', os.arch: 'amd64', os.version: '10.0', java.version: '17.0.8.1'
Driver info: org.openqa.selenium.chrome.ChromeDriver
Command: [edd71b4be8c0bcda95f90dc87fa48193, clickElement {id=DA17378A180F9E9C334B00DF459965AF_element_78}]
Capabilities {acceptInsecureCerts: false, browserName: chrome, browserVersion: 119.0.6045.105, chrome: {chromedriverVersion: 119.0.6045.105 (38c72552c5e..., userDataDir: C:\Users\tiger\AppData\Loca...}, fedcm:accounts: true, goog:chromeOptions: {debuggerAddress: localhost:62595}, networkConnectionEnabled: false, pageLoadStrategy: normal, platformName: windows, proxy: Proxy(), se:cdp: ws://localhost:62595/devtoo..., se:cdpVersion: 119.0.6045.105, setWindowRect: true, strictFileInteractability: false, timeouts: {implicit: 0, pageLoad: 300000, script: 30000}, unhandledPromptBehavior: dismiss and notify, webauthn:extension:credBlob: true, webauthn:extension:largeBlob: true, webauthn:extension:minPinLength: true, webauthn:extension:prf: true, webauthn:virtualAuthenticators: true}
Element: [[ChromeDriver: chrome on windows (edd71b4be8c0bcda95f90dc87fa48193)] -> css selector: *[name='gender']]
Session ID: edd71b4be8c0bcda95f90dc87fa48193
at java.base/jdk.internal.reflect.NativeConstructorAccessorImpl.newInstance0(Native Method)
at java.base/jdk.internal.reflect.NativeConstructorAccessorImpl.newInstance(NativeConstructorAccessorImpl.java:77)
at java.base/jdk.internal.reflect.DelegatingConstructorAccessorImpl.newInstance(DelegatingConstructorAccessorImpl.java:45)
at java.base/java.lang.reflect.Constructor.newInstanceWithCaller(Constructor.java:499)
at java.base/java.lang.reflect.Constructor.newInstance(Constructor.java:480)
at org.openqa.selenium.remote.codec.w3c.W3CHttpResponseCodec.createException(W3CHttpResponseCodec.java:200)
at org.openqa.selenium.remote.codec.w3c.W3CHttpResponseCodec.decode(W3CHttpResponseCodec.java:133)
at org.openqa.selenium.remote.codec.w3c.W3CHttpResponseCodec.decode(W3CHttpResponseCodec.java:52)
at org.openqa.selenium.remote.HttpCommandExecutor.execute(HttpCommandExecutor.java:191)
at org.openqa.selenium.remote.service.DriverCommandExecutor.invokeExecute(DriverCommandExecutor.java:200)
at org.openqa.selenium.remote.service.DriverCommandExecutor.execute(DriverCommandExecutor.java:175)
at org.openqa.selenium.remote.RemoteWebDriver.execute(RemoteWebDriver.java:602)
at org.openqa.selenium.remote.RemoteWebElement.execute(RemoteWebElement.java:224)
at org.openqa.selenium.remote.RemoteWebElement.click(RemoteWebElement.java:77)
at selenium.testng.PageObject.toggleRadioButtons(PageObject.java:122)
at selenium.testng.PageTest.checkMaleRadioButton(PageTest.java:103)
at java.base/jdk.internal.reflect.NativeMethodAccessorImpl.invoke0(Native Method)
at java.base/jdk.internal.reflect.NativeMethodAccessorImpl.invoke(NativeMethodAccessorImpl.java:77)
at java.base/jdk.internal.reflect.DelegatingMethodAccessorImpl.invoke(DelegatingMethodAccessorImpl.java:43)
at java.base/java.lang.reflect.Method.invoke(Method.java:568)
at org.testng.internal.MethodInvocationHelper.invokeMethod(MethodInvocationHelper.java:133)
at org.testng.internal.TestInvoker.invokeMethod(TestInvoker.java:598)
at org.testng.internal.TestInvoker.invokeTestMethod(TestInvoker.java:173)
at org.testng.internal.MethodRunner.runInSequence(MethodRunner.java:46)
at org.testng.internal.TestInvoker$MethodInvocationAgent.invoke(TestInvoker.java:824)
at org.testng.internal.TestInvoker.invokeTestMethods(TestInvoker.java:146)
at org.testng.internal.TestMethodWorker.invokeTestMethods(TestMethodWorker.java:146)
at org.testng.internal.TestMethodWorker.run(TestMethodWorker.java:128)
at java.base/java.util.ArrayList.forEach(ArrayList.java:1511)
at org.testng.TestRunner.privateRun(TestRunner.java:794)
at org.testng.TestRunner.run(TestRunner.java:596)
at org.testng.SuiteRunner.runTest(SuiteRunner.java:377)
at org.testng.SuiteRunner.runSequentially(SuiteRunner.java:371)
at org.testng.SuiteRunner.privateRun(SuiteRunner.java:332)
at org.testng.SuiteRunner.run(SuiteRunner.java:276)
at org.testng.SuiteRunnerWorker.runSuite(SuiteRunnerWorker.java:53)
at org.testng.SuiteRunnerWorker.run(SuiteRunnerWorker.java:96)
at org.testng.TestNG.runSuitesSequentially(TestNG.java:1212)
at org.testng.TestNG.runSuitesLocally(TestNG.java:1134)
at org.testng.TestNG.runSuites(TestNG.java:1063)
at org.testng.TestNG.run(TestNG.java:1031)
at org.testng.remote.AbstractRemoteTestNG.run(AbstractRemoteTestNG.java:115)
at org.testng.remote.RemoteTestNG.initAndRun(RemoteTestNG.java:251)
at org.testng.remote.RemoteTestNG.main(RemoteTestNG.java:77)
]]>
            </full-stacktrace>
          </exception> <!-- org.openqa.selenium.ElementClickInterceptedException -->
          <reporter-output>
          </reporter-output>
        </test-method> <!-- checkMaleRadioButton -->
        <test-method signature="checkOnClickSubmitButton()[pri:0, instance:selenium.testng.PageTest@52af26ee]" started-at="2023-11-04T21:02:02 EDT" name="checkOnClickSubmitButton" finished-at="2023-11-04T21:02:04 EDT" duration-ms="1262" status="FAIL">
          <exception class="org.openqa.selenium.ElementClickInterceptedException">
            <message>
              <![CDATA[element click intercepted: Element <button id="idOfButton" title="Hovering over me!!" type="button" onclick="this.style.background='blue';">...</button> is not clickable at point (139, 22). Other element would receive the click: <img class="header-image is-logo-image" alt="ArtOfTesting" src="https://artoftesting.com/wp-content/uploads/2019/12/cropped-artoftesting-logo.png" title="ArtOfTesting" width="200" height="40">
  (Session info: headless chrome=119.0.6045.105)
Build info: version: '4.14.1', revision: '03f8ede370'
System info: os.name: 'Windows 10', os.arch: 'amd64', os.version: '10.0', java.version: '17.0.8.1'
Driver info: org.openqa.selenium.chrome.ChromeDriver
Command: [edd71b4be8c0bcda95f90dc87fa48193, clickElement {id=DA17378A180F9E9C334B00DF459965AF_element_82}]
Capabilities {acceptInsecureCerts: false, browserName: chrome, browserVersion: 119.0.6045.105, chrome: {chromedriverVersion: 119.0.6045.105 (38c72552c5e..., userDataDir: C:\Users\tiger\AppData\Loca...}, fedcm:accounts: true, goog:chromeOptions: {debuggerAddress: localhost:62595}, networkConnectionEnabled: false, pageLoadStrategy: normal, platformName: windows, proxy: Proxy(), se:cdp: ws://localhost:62595/devtoo..., se:cdpVersion: 119.0.6045.105, setWindowRect: true, strictFileInteractability: false, timeouts: {implicit: 0, pageLoad: 300000, script: 30000}, unhandledPromptBehavior: dismiss and notify, webauthn:extension:credBlob: true, webauthn:extension:largeBlob: true, webauthn:extension:minPinLength: true, webauthn:extension:prf: true, webauthn:virtualAuthenticators: true}
Element: [[ChromeDriver: chrome on windows (edd71b4be8c0bcda95f90dc87fa48193)] -> id: idOfButton]
Session ID: edd71b4be8c0bcda95f90dc87fa48193]]>
            </message>
            <full-stacktrace>
              <![CDATA[org.openqa.selenium.ElementClickInterceptedException: element click intercepted: Element <button id="idOfButton" title="Hovering over me!!" type="button" onclick="this.style.background='blue';">...</button> is not clickable at point (139, 22). Other element would receive the click: <img class="header-image is-logo-image" alt="ArtOfTesting" src="https://artoftesting.com/wp-content/uploads/2019/12/cropped-artoftesting-logo.png" title="ArtOfTesting" width="200" height="40">
  (Session info: headless chrome=119.0.6045.105)
Build info: version: '4.14.1', revision: '03f8ede370'
System info: os.name: 'Windows 10', os.arch: 'amd64', os.version: '10.0', java.version: '17.0.8.1'
Driver info: org.openqa.selenium.chrome.ChromeDriver
Command: [edd71b4be8c0bcda95f90dc87fa48193, clickElement {id=DA17378A180F9E9C334B00DF459965AF_element_82}]
Capabilities {acceptInsecureCerts: false, browserName: chrome, browserVersion: 119.0.6045.105, chrome: {chromedriverVersion: 119.0.6045.105 (38c72552c5e..., userDataDir: C:\Users\tiger\AppData\Loca...}, fedcm:accounts: true, goog:chromeOptions: {debuggerAddress: localhost:62595}, networkConnectionEnabled: false, pageLoadStrategy: normal, platformName: windows, proxy: Proxy(), se:cdp: ws://localhost:62595/devtoo..., se:cdpVersion: 119.0.6045.105, setWindowRect: true, strictFileInteractability: false, timeouts: {implicit: 0, pageLoad: 300000, script: 30000}, unhandledPromptBehavior: dismiss and notify, webauthn:extension:credBlob: true, webauthn:extension:largeBlob: true, webauthn:extension:minPinLength: true, webauthn:extension:prf: true, webauthn:virtualAuthenticators: true}
Element: [[ChromeDriver: chrome on windows (edd71b4be8c0bcda95f90dc87fa48193)] -> id: idOfButton]
Session ID: edd71b4be8c0bcda95f90dc87fa48193
at java.base/jdk.internal.reflect.NativeConstructorAccessorImpl.newInstance0(Native Method)
at java.base/jdk.internal.reflect.NativeConstructorAccessorImpl.newInstance(NativeConstructorAccessorImpl.java:77)
at java.base/jdk.internal.reflect.DelegatingConstructorAccessorImpl.newInstance(DelegatingConstructorAccessorImpl.java:45)
at java.base/java.lang.reflect.Constructor.newInstanceWithCaller(Constructor.java:499)
at java.base/java.lang.reflect.Constructor.newInstance(Constructor.java:480)
at org.openqa.selenium.remote.codec.w3c.W3CHttpResponseCodec.createException(W3CHttpResponseCodec.java:200)
at org.openqa.selenium.remote.codec.w3c.W3CHttpResponseCodec.decode(W3CHttpResponseCodec.java:133)
at org.openqa.selenium.remote.codec.w3c.W3CHttpResponseCodec.decode(W3CHttpResponseCodec.java:52)
at org.openqa.selenium.remote.HttpCommandExecutor.execute(HttpCommandExecutor.java:191)
at org.openqa.selenium.remote.service.DriverCommandExecutor.invokeExecute(DriverCommandExecutor.java:200)
at org.openqa.selenium.remote.service.DriverCommandExecutor.execute(DriverCommandExecutor.java:175)
at org.openqa.selenium.remote.RemoteWebDriver.execute(RemoteWebDriver.java:602)
at org.openqa.selenium.remote.RemoteWebElement.execute(RemoteWebElement.java:224)
at org.openqa.selenium.remote.RemoteWebElement.click(RemoteWebElement.java:77)
at java.base/jdk.internal.reflect.NativeMethodAccessorImpl.invoke0(Native Method)
at java.base/jdk.internal.reflect.NativeMethodAccessorImpl.invoke(NativeMethodAccessorImpl.java:77)
at java.base/jdk.internal.reflect.DelegatingMethodAccessorImpl.invoke(DelegatingMethodAccessorImpl.java:43)
at java.base/java.lang.reflect.Method.invoke(Method.java:568)
at org.openqa.selenium.support.pagefactory.internal.LocatingElementHandler.invoke(LocatingElementHandler.java:51)
at jdk.proxy2/jdk.proxy2.$Proxy14.click(Unknown Source)
at selenium.testng.PageObject.clickSubmitButton(PageObject.java:94)
at selenium.testng.PageTest.checkOnClickSubmitButton(PageTest.java:90)
at java.base/jdk.internal.reflect.NativeMethodAccessorImpl.invoke0(Native Method)
at java.base/jdk.internal.reflect.NativeMethodAccessorImpl.invoke(NativeMethodAccessorImpl.java:77)
at java.base/jdk.internal.reflect.DelegatingMethodAccessorImpl.invoke(DelegatingMethodAccessorImpl.java:43)
at java.base/java.lang.reflect.Method.invoke(Method.java:568)
at org.testng.internal.MethodInvocationHelper.invokeMethod(MethodInvocationHelper.java:133)
at org.testng.internal.TestInvoker.invokeMethod(TestInvoker.java:598)
at org.testng.internal.TestInvoker.invokeTestMethod(TestInvoker.java:173)
at org.testng.internal.MethodRunner.runInSequence(MethodRunner.java:46)
at org.testng.internal.TestInvoker$MethodInvocationAgent.invoke(TestInvoker.java:824)
at org.testng.internal.TestInvoker.invokeTestMethods(TestInvoker.java:146)
at org.testng.internal.TestMethodWorker.invokeTestMethods(TestMethodWorker.java:146)
at org.testng.internal.TestMethodWorker.run(TestMethodWorker.java:128)
at java.base/java.util.ArrayList.forEach(ArrayList.java:1511)
at org.testng.TestRunner.privateRun(TestRunner.java:794)
at org.testng.TestRunner.run(TestRunner.java:596)
at org.testng.SuiteRunner.runTest(SuiteRunner.java:377)
at org.testng.SuiteRunner.runSequentially(SuiteRunner.java:371)
at org.testng.SuiteRunner.privateRun(SuiteRunner.java:332)
at org.testng.SuiteRunner.run(SuiteRunner.java:276)
at org.testng.SuiteRunnerWorker.runSuite(SuiteRunnerWorker.java:53)
at org.testng.SuiteRunnerWorker.run(SuiteRunnerWorker.java:96)
at org.testng.TestNG.runSuitesSequentially(TestNG.java:1212)
at org.testng.TestNG.runSuitesLocally(TestNG.java:1134)
at org.testng.TestNG.runSuites(TestNG.java:1063)
at org.testng.TestNG.run(TestNG.java:1031)
at org.testng.remote.AbstractRemoteTestNG.run(AbstractRemoteTestNG.java:115)
at org.testng.remote.RemoteTestNG.initAndRun(RemoteTestNG.java:251)
at org.testng.remote.RemoteTestNG.main(RemoteTestNG.java:77)
]]>
            </full-stacktrace>
          </exception> <!-- org.openqa.selenium.ElementClickInterceptedException -->
          <reporter-output>
          </reporter-output>
        </test-method> <!-- checkOnClickSubmitButton -->
        <test-method signature="checkTextBox()[pri:0, instance:selenium.testng.PageTest@52af26ee]" started-at="2023-11-04T21:02:04 EDT" name="checkTextBox" finished-at="2023-11-04T21:02:04 EDT" depends-on-methods="selenium.testng.PageTest.setupTextBox" duration-ms="44" status="PASS">
          <reporter-output>
          </reporter-output>
        </test-method> <!-- checkTextBox -->
        <test-method is-config="true" signature="tearDown()[pri:0, instance:selenium.testng.PageTest@52af26ee]" started-at="2023-11-04T21:02:04 EDT" name="tearDown" finished-at="2023-11-04T21:02:04 EDT" duration-ms="144" status="PASS">
          <reporter-output>
          </reporter-output>
        </test-method> <!-- tearDown -->
      </class> <!-- selenium.testng.PageTest -->
    </test> <!-- ChromeTest -->
  </suite> <!-- Suite -->
</testng-results>
